生成启动时间为 2019-04-14 19:45:10。
     1>项目“d:\我的用户\新建文件夹 (3)\visual studio 2012\Projects\MyMFC1\MyMFC1\MyMFC1.vcxproj”在节点 2 上(Build 个目标)。
     1>ClCompile:
         D:\VS2012\VC\bin\CL.exe /c /ZI /nologo /W3 /WX- /sdl /Od /Oy- /D WIN32 /D _WINDOWS /D _DEBUG /D _UNICODE /D UNICODE /D _AFXDLL /Gm /EHsc /RTC1 /MDd /GS /fp:precise /Zc:wchar_t /Zc:forScope /Yc"stdafx.h" /Fp"Debug\MyMFC1.pch" /Fo"Debug\\" /Fd"Debug\vc110.pdb" /Gd /TP /analyze- /errorReport:prompt MapProjection.cpp
         MapProjection.cpp
     1>d:\我的用户\新建文件夹 (3)\visual studio 2012\projects\mymfc1\mymfc1\mapprojection.cpp(38): warning C4244: “初始化”: 从“double”转换到“float”，可能丢失数据
     1>d:\我的用户\新建文件夹 (3)\visual studio 2012\projects\mymfc1\mymfc1\mapprojection.cpp(39): warning C4244: “初始化”: 从“double”转换到“float”，可能丢失数据
     1>d:\我的用户\新建文件夹 (3)\visual studio 2012\projects\mymfc1\mymfc1\mapprojection.cpp(40): warning C4244: “初始化”: 从“double”转换到“float”，可能丢失数据
     1>d:\我的用户\新建文件夹 (3)\visual studio 2012\projects\mymfc1\mymfc1\mapprojection.cpp(41): warning C4244: “初始化”: 从“double”转换到“float”，可能丢失数据
     1>d:\我的用户\新建文件夹 (3)\visual studio 2012\projects\mymfc1\mymfc1\mapprojection.cpp(48): warning C4244: “初始化”: 从“int”转换到“float”，可能丢失数据
     1>d:\我的用户\新建文件夹 (3)\visual studio 2012\projects\mymfc1\mymfc1\mapprojection.cpp(52): warning C4244: “初始化”: 从“int”转换到“float”，可能丢失数据
     1>d:\我的用户\新建文件夹 (3)\visual studio 2012\projects\mymfc1\mymfc1\mapprojection.cpp(67): warning C4244: “参数”: 从“float”转换到“int”，可能丢失数据
     1>d:\我的用户\新建文件夹 (3)\visual studio 2012\projects\mymfc1\mymfc1\mapprojection.cpp(75): warning C4244: “参数”: 从“float”转换到“int”，可能丢失数据
     1>d:\我的用户\新建文件夹 (3)\visual studio 2012\projects\mymfc1\mymfc1\mapprojection.cpp(81): warning C4244: “初始化”: 从“int”转换到“float”，可能丢失数据
     1>d:\我的用户\新建文件夹 (3)\visual studio 2012\projects\mymfc1\mymfc1\mapprojection.cpp(85): warning C4244: “初始化”: 从“int”转换到“float”，可能丢失数据
     1>d:\我的用户\新建文件夹 (3)\visual studio 2012\projects\mymfc1\mymfc1\mapprojection.cpp(104): warning C4244: “参数”: 从“float”转换到“int”，可能丢失数据
     1>d:\我的用户\新建文件夹 (3)\visual studio 2012\projects\mymfc1\mymfc1\mapprojection.cpp(113): warning C4244: “参数”: 从“LONG”转换到“float”，可能丢失数据
     1>d:\我的用户\新建文件夹 (3)\visual studio 2012\projects\mymfc1\mymfc1\mapprojection.cpp(116): warning C4244: “参数”: 从“float”转换到“int”，可能丢失数据
         D:\VS2012\VC\bin\CL.exe /c /ZI /nologo /W3 /WX- /sdl /Od /Oy- /D WIN32 /D _WINDOWS /D _DEBUG /D _UNICODE /D UNICODE /D _AFXDLL /Gm /EHsc /RTC1 /MDd /GS /fp:precise /Zc:wchar_t /Zc:forScope /Yu"stdafx.h" /Fp"Debug\MyMFC1.pch" /Fo"Debug\\" /Fd"Debug\vc110.pdb" /Gd /TP /analyze- /errorReport:prompt GeoLayer.cpp GeoMap.cpp GeoObject.cpp GeoPoint.cpp GeoPolygon.cpp GeoPolyline.cpp
         正在跳过...(未检测到相关更改)
         GeoPolyline.cpp
         GeoPolygon.cpp
         GeoPoint.cpp
         GeoObject.cpp
         GeoMap.cpp
         GeoLayer.cpp
       Link:
         D:\VS2012\VC\bin\link.exe /ERRORREPORT:PROMPT /OUT:"d:\我的用户\新建文件夹 (3)\visual studio 2012\Projects\MyMFC1\Debug\MyMFC1.exe" /INCREMENTAL /NOLOGO /MANIFEST /MANIFESTUAC:"level='asInvoker' uiAccess='false'" /manifest:embed /manifestinput:D:\VS2012\VC\Include\Manifest\dpiaware.manifest /DEBUG /PDB:"d:\我的用户\新建文件夹 (3)\visual studio 2012\Projects\MyMFC1\Debug\MyMFC1.pdb" /SUBSYSTEM:WINDOWS /TLBID:1 /ENTRY:"wWinMainCRTStartup" /DYNAMICBASE /NXCOMPAT /IMPLIB:"d:\我的用户\新建文件夹 (3)\visual studio 2012\Projects\MyMFC1\Debug\MyMFC1.lib" /MACHINE:X86 Debug\MyMFC1.res
         Debug\DCInfo.obj
         Debug\Excel.obj
         Debug\GeoAnnotation.obj
         Debug\GeoLayer.obj
         Debug\GeoMap.obj
         Debug\GeoObject.obj
         Debug\GeoPoint.obj
         Debug\GeoPolygon.obj
         Debug\GeoPolyline.obj
         Debug\MainFrm.obj
         Debug\MapProjection.obj
         Debug\MapProjectionMercator.obj
         Debug\MyMFC1.obj
         Debug\MyMFC1Doc.obj
         Debug\MyMFC1View.obj
         Debug\stdafx.obj
         MyMFC1.vcxproj -> d:\我的用户\新建文件夹 (3)\visual studio 2012\Projects\MyMFC1\Debug\MyMFC1.exe
     1>已完成生成项目“d:\我的用户\新建文件夹 (3)\visual studio 2012\Projects\MyMFC1\MyMFC1\MyMFC1.vcxproj”(Build 个目标)的操作。

生成成功。

已用时间 00:00:01.61
